0 info it worked if it ends with ok
1 verbose cli [ 'node', '/usr/bin/npm', 'publish' ]
2 info using npm@1.4.28
3 info using node@v0.10.33
4 verbose publish [ '.' ]
5 verbose cache add [ '.', null ]
6 verbose cache add name=undefined spec="." args=[".",null]
7 verbose parsed url { protocol: null,
7 verbose parsed url   slashes: null,
7 verbose parsed url   auth: null,
7 verbose parsed url   host: null,
7 verbose parsed url   port: null,
7 verbose parsed url   hostname: null,
7 verbose parsed url   hash: null,
7 verbose parsed url   search: null,
7 verbose parsed url   query: null,
7 verbose parsed url   pathname: '.',
7 verbose parsed url   path: '.',
7 verbose parsed url   href: '.' }
8 silly lockFile 3a52ce78- .
9 verbose lock . /Users/johanjohansson/.npm/3a52ce78-.lock
10 verbose tar pack [ '/Users/johanjohansson/.npm/censorify/0.1.1/package.tgz',
10 verbose tar pack   '.' ]
11 verbose tarball /Users/johanjohansson/.npm/censorify/0.1.1/package.tgz
12 verbose folder .
13 info prepublish censorify@0.1.1
14 silly lockFile 1f1177db-tar tar://.
15 verbose lock tar://. /Users/johanjohansson/.npm/1f1177db-tar.lock
16 silly lockFile 7676e5e7--npm-censorify-0-1-1-package-tgz tar:///Users/johanjohansson/.npm/censorify/0.1.1/package.tgz
17 verbose lock tar:///Users/johanjohansson/.npm/censorify/0.1.1/package.tgz /Users/johanjohansson/.npm/7676e5e7--npm-censorify-0-1-1-package-tgz.lock
18 silly lockFile 1f1177db-tar tar://.
19 silly lockFile 1f1177db-tar tar://.
20 silly lockFile 7676e5e7--npm-censorify-0-1-1-package-tgz tar:///Users/johanjohansson/.npm/censorify/0.1.1/package.tgz
21 silly lockFile 7676e5e7--npm-censorify-0-1-1-package-tgz tar:///Users/johanjohansson/.npm/censorify/0.1.1/package.tgz
22 silly lockFile 83fb97a2-sson-npm-censorify-0-1-1-package /Users/johanjohansson/.npm/censorify/0.1.1/package
23 verbose lock /Users/johanjohansson/.npm/censorify/0.1.1/package /Users/johanjohansson/.npm/83fb97a2-sson-npm-censorify-0-1-1-package.lock
24 silly lockFile 83fb97a2-sson-npm-censorify-0-1-1-package /Users/johanjohansson/.npm/censorify/0.1.1/package
25 silly lockFile 83fb97a2-sson-npm-censorify-0-1-1-package /Users/johanjohansson/.npm/censorify/0.1.1/package
26 silly lockFile 3a52ce78- .
27 silly lockFile 3a52ce78- .
28 silly publish { author: { name: 'Johan Johansson' },
28 silly publish   name: 'censorify',
28 silly publish   version: '0.1.1',
28 silly publish   description: 'Censors word out of text',
28 silly publish   main: 'censortext',
28 silly publish   repository: { type: 'git', url: 'https://github.com/nahojj/censorify' },
28 silly publish   keywords: [ 'censor', 'words' ],
28 silly publish   dependencies: {},
28 silly publish   engines: { node: '*' },
28 silly publish   readme: '# My first Node.js package Module\n',
28 silly publish   readmeFilename: 'README.md',
28 silly publish   gitHead: 'e423566d62bb7d9ca556408515e5d1075209267f',
28 silly publish   bugs: { url: 'https://github.com/nahojj/censorify/issues' },
28 silly publish   homepage: 'https://github.com/nahojj/censorify',
28 silly publish   _id: 'censorify@0.1.1',
28 silly publish   scripts: {},
28 silly publish   _shasum: '920185bc2c6511578ea793abf56dbb3ee8db8b8b',
28 silly publish   _from: '.' }
29 verbose request where is /censorify
30 verbose request registry https://registry.npmjs.org/
31 verbose request id 3b4d9ddbc0cae1ee
32 verbose url raw /censorify
33 verbose url resolving [ 'https://registry.npmjs.org/', './censorify' ]
34 verbose url resolved https://registry.npmjs.org/censorify
35 verbose request where is https://registry.npmjs.org/censorify
36 info trying registry request attempt 1 at 17:15:27
37 http PUT https://registry.npmjs.org/censorify
38 http 403 https://registry.npmjs.org/censorify
39 verbose headers { date: 'Wed, 11 Feb 2015 16:15:29 GMT',
39 verbose headers   server: 'CouchDB/1.5.0 (Erlang OTP/R16B03)',
39 verbose headers   'content-type': 'application/json',
39 verbose headers   'cache-control': 'max-age=60',
39 verbose headers   'content-length': '1963',
39 verbose headers   'accept-ranges': 'bytes',
39 verbose headers   via: '1.1 varnish',
39 verbose headers   'x-served-by': 'cache-fra1232-FRA',
39 verbose headers   'x-cache': 'MISS',
39 verbose headers   'x-cache-hits': '0',
39 verbose headers   'x-timer': 'S1423671329.501066,VS0,VE188',
39 verbose headers   'keep-alive': 'timeout=10, max=50',
39 verbose headers   connection: 'Keep-Alive' }
40 error publish Failed PUT 403
41 error Error: forbidden cannot modify pre-existing version: 0.1.1
41 error old={"author":{"name":"Brad Dayley"},"name":"censorify","version":"0.1.1","description":"Censors words out of text","main":"censortext","repository":{"type":"git","url":"https://github.com/sisingh/nodebook-ch03-censorify"},"keywords":["censor","words"],"dependencies":{},"engines":{"node":"*"},"bugs":{"url":"https://github.com/sisingh/nodebook-ch03-censorify/issues"},"homepage":"https://github.com/sisingh/nodebook-ch03-censorify","_id":"censorify@0.1.1","dist":{"shasum":"359a8af77858685bf2926c93ec3fb582ae704aa9","tarball":"http://registry.npmjs.org/censorify/-/censorify-0.1.1.tgz"},"_from":".","_npmVersion":"1.3.21","_npmUser":{"name":"sisingh","email":"singh_siddhu@yahoo.com"},"maintainers":[{"name":"sisingh","email":"singh_siddhu@yahoo.com"}]}
41 error new={"author":{"name":"Johan Johansson"},"name":"censorify","version":"0.1.1","description":"Censors word out of text","main":"censortext","repository":{"type":"git","url":"https://github.com/nahojj/censorify"},"keywords":["censor","words"],"dependencies":{},"engines":{"node":"*"},"readme":"# My first Node.js package Module\u000a","readmeFilename":"README.md","gitHead":"e423566d62bb7d9ca556408515e5d1075209267f","bugs":{"url":"https://github.com/nahojj/censorify/issues"},"homepage":"https://github.com/nahojj/censorify","_id":"censorify@0.1.1","scripts":{},"_shasum":"920185bc2c6511578ea793abf56dbb3ee8db8b8b","_from":".","_npmVersion":"1.4.28","_npmUser":{"name":"nahoj","email":"johanssonjohan@outlook.com"},"maintainers":[{"name":"nahoj","email":"johanssonjohan@outlook.com"}],"dist":{"shasum":"920185bc2c6511578ea793abf56dbb3ee8db8b8b","tarball":"http://registry.npmjs.org/censorify/-/censorify-0.1.1.tgz"}}: censorify
41 error     at RegClient.<anonymous> (/usr/local/lib/node_modules/npm/node_modules/npm-registry-client/lib/request.js:308:14)
41 error     at Request._callback (/usr/local/lib/node_modules/npm/node_modules/npm-registry-client/lib/request.js:246:65)
41 error     at Request.self.callback (/usr/local/lib/node_modules/npm/node_modules/request/request.js:236:22)
41 error     at Request.emit (events.js:98:17)
41 error     at Request.<anonymous> (/usr/local/lib/node_modules/npm/node_modules/request/request.js:1142:14)
41 error     at Request.emit (events.js:117:20)
41 error     at IncomingMessage.<anonymous> (/usr/local/lib/node_modules/npm/node_modules/request/request.js:1096:12)
41 error     at IncomingMessage.emit (events.js:117:20)
41 error     at _stream_readable.js:943:16
41 error     at process._tickCallback (node.js:419:13)
42 error If you need help, you may report this *entire* log,
42 error including the npm and node versions, at:
42 error     <http://github.com/npm/npm/issues>
43 error System Darwin 14.1.0
44 error command "node" "/usr/bin/npm" "publish"
45 error cwd /Users/johanjohansson/Documents/kod/book/censorify
46 error node -v v0.10.33
47 error npm -v 1.4.28
48 verbose exit [ 1, true ]
